20240414	23:03:17	a6de6658-5af9-4bb5-b8f8-70d39f532e81	CastError: Cast to ObjectId failed for value "undefined" (type string) at path "_id" for model "NotificationPreference"	GET	/notification-preference/undefined	http://localhost:3000
20240415	10:40:29	3852b833-24ec-47a7-8f4f-4bf5d09b8bac	CastError: Cast to ObjectId failed for value "undefined" (type string) at path "_id" for model "NotificationPreference"	GET	/notification-preference/undefined	http://localhost:3000
20240415	10:43:08	2852df50-3a82-494e-92b2-acfd9cba4044	CastError: Cast to ObjectId failed for value "undefined" (type string) at path "_id" for model "NotificationPreference"	GET	/notification-preference/undefined	http://localhost:3000
20240415	10:43:15	86e090f0-16c1-435a-b441-3fcbd229f986	CastError: Cast to ObjectId failed for value "undefined" (type string) at path "_id" for model "NotificationPreference"	GET	/notification-preference/undefined	http://localhost:3000
20240417	13:27:54	857be02d-465f-44f2-a92c-7afd48607502	ValidationError: Contact validation failed: shippingAddress.addressLine1: Path `addressLine1` is required., shippingAddress.suburb: Path `suburb` is required., shippingAddress.state: Path `state` is required., shippingAddress.postalCode: Path `postalCode` is required.	POST	/contacts	http://localhost:3000
20240417	16:07:15	dfbd4608-60f2-4115-b6cb-9a5e49efb026	MongoServerError: E11000 duplicate key error collection: test.contacts index: contactId_1 dup key: { contactId: null }	POST	/contacts	undefined
20240417	16:08:34	ccd053f2-3f29-4465-a6af-03c5eb7c4120	MongoServerError: E11000 duplicate key error collection: test.contacts index: contactId_1 dup key: { contactId: null }	POST	/contacts	undefined
20240417	16:08:41	4b305f65-0e29-486e-b6f0-695df0c3d904	MongoServerError: E11000 duplicate key error collection: test.contacts index: contactId_1 dup key: { contactId: null }	POST	/contacts	undefined
20240417	16:09:04	6c2237d6-3ec4-46df-882f-e76637a0ba2c	MongoServerError: E11000 duplicate key error collection: test.contacts index: contactId_1 dup key: { contactId: null }	POST	/contacts	undefined
20240417	16:46:52	f236cd7e-b52c-43f9-835d-9aa445781b2d	CastError: Cast to ObjectId failed for value "undefined" (type string) at path "_id" for model "Contact"	GET	/contacts/undefined	http://localhost:3000
20240417	16:47:00	2c02d6fe-f247-4777-a9c3-2e11e8ef5371	CastError: Cast to ObjectId failed for value "undefined" (type string) at path "_id" for model "Contact"	GET	/contacts/undefined	http://localhost:3000
20240417	16:48:12	2c7c98e3-b8b0-4d6e-8f7f-7e74cab8f281	CastError: Cast to ObjectId failed for value "undefined" (type string) at path "_id" for model "Contact"	GET	/contacts/undefined	http://localhost:3000
20240417	16:48:58	f563d225-6d58-444e-b9b6-2f2086a539ed	CastError: Cast to ObjectId failed for value "undefined" (type string) at path "_id" for model "Contact"	GET	/contacts/undefined	http://localhost:3000
20240417	16:49:57	7c91fe7f-8c5d-4c48-a529-b65927d49df2	CastError: Cast to ObjectId failed for value "undefined" (type string) at path "_id" for model "Contact"	GET	/contacts/undefined	http://localhost:3000
20240417	16:52:33	63945ece-3c79-4dc2-82eb-13a1c6cc4f95	CastError: Cast to ObjectId failed for value "undefined" (type string) at path "_id" for model "Contact"	GET	/contacts/undefined	http://localhost:3000
20240417	18:02:09	4cd67d2a-5a1e-4614-9635-04c7f056ab54	ReferenceError: id is not defined	PATCH	/contacts	http://localhost:3000
20240417	18:03:32	50fca0c4-98a7-4145-b013-8e6f4feb5a9c	ReferenceError: id is not defined	PATCH	/contacts	http://localhost:3000
20240417	22:14:47	7de77a13-e76d-4cb9-a2bf-a420d7e58f1b	ReferenceError: User is not defined	GET	/contacts	http://localhost:3000
20240417	22:14:51	5c336614-9fe6-4613-8e45-10a18881caa4	ReferenceError: User is not defined	GET	/contacts	http://localhost:3000
20240424	11:32:25	ea49cfc6-a4fc-4917-b8f4-dca0dece1f54	CastError: Cast to ObjectId failed for value "undefined" (type string) at path "_id" for model "Address"	GET	/addresses/undefined	http://localhost:3000
20240424	11:32:30	f4fdd93d-c4fe-4ecf-87e0-79c3ca942f47	CastError: Cast to ObjectId failed for value "undefined" (type string) at path "_id" for model "Address"	GET	/addresses/undefined	http://localhost:3000
20240424	11:32:48	42b93e7e-e2c9-4d1a-a496-46da756883f2	CastError: Cast to ObjectId failed for value "undefined" (type string) at path "_id" for model "Address"	GET	/addresses/undefined	http://localhost:3000
20240424	11:32:50	78c6f2e4-8a34-4d2c-835a-05f722a78746	CastError: Cast to ObjectId failed for value "undefined" (type string) at path "_id" for model "Address"	GET	/addresses/undefined	http://localhost:3000
20240424	11:37:40	b21e407b-d3b0-454b-a256-4f3a63506c2b	CastError: Cast to ObjectId failed for value "undefined" (type string) at path "_id" for model "Address"	GET	/addresses/undefined	http://localhost:3000
20240424	11:42:39	6bb856a1-837e-4352-abf4-a468732f6f1b	CastError: Cast to ObjectId failed for value "undefined" (type string) at path "_id" for model "Address"	GET	/addresses/undefined	http://localhost:3000
20240424	11:51:20	c4f7a9c3-b47e-41b5-9453-dffdf63d31f0	CastError: Cast to ObjectId failed for value "undefined" (type string) at path "_id" for model "Address"	GET	/addresses/undefined	http://localhost:3000
20240424	11:51:22	76f29a98-ac3d-472a-807c-8d0e3b87b560	CastError: Cast to ObjectId failed for value "undefined" (type string) at path "_id" for model "Address"	GET	/addresses/undefined	http://localhost:3000
20240424	11:53:18	903f8ac0-47d0-400e-b791-a79296b4ce50	CastError: Cast to ObjectId failed for value "undefined" (type string) at path "_id" for model "Address"	GET	/addresses/undefined	http://localhost:3000
20240424	11:53:19	d34b6814-3776-4ea0-babd-35faa35844bb	CastError: Cast to ObjectId failed for value "undefined" (type string) at path "_id" for model "Address"	GET	/addresses/undefined	http://localhost:3000
20240424	11:53:20	70d5969c-5a09-4a43-9811-2e33d5a316e9	CastError: Cast to ObjectId failed for value "undefined" (type string) at path "_id" for model "Address"	GET	/addresses/undefined	http://localhost:3000
20240424	11:53:24	ad7970ad-79bb-4175-bda2-1f343d4d54b3	CastError: Cast to ObjectId failed for value "undefined" (type string) at path "_id" for model "Address"	GET	/addresses/undefined	http://localhost:3000
20240424	12:08:35	c41b7378-8009-4704-8f76-c8d9922fecb3	CastError: Cast to ObjectId failed for value "undefined" (type string) at path "_id" for model "Address"	GET	/addresses/undefined	http://localhost:3000
20240424	12:08:49	1d3bd91e-0475-4bd7-bab5-75e0f84ba5a7	CastError: Cast to ObjectId failed for value "undefined" (type string) at path "_id" for model "Address"	GET	/addresses/undefined	http://localhost:3000
20240424	12:09:48	28c64ff5-538e-4ad8-a84f-fcfe0de51926	CastError: Cast to ObjectId failed for value "undefined" (type string) at path "_id" for model "Address"	GET	/addresses/undefined	http://localhost:3000
20240424	12:39:22	af020716-b4f7-4711-a0dc-7432f41352cc	CastError: Cast to ObjectId failed for value "undefined" (type string) at path "_id" for model "Address"	GET	/addresses/undefined	http://localhost:3000
20240424	12:44:19	0a24f0f3-8efc-4845-9bb3-f0dec7990a9e	CastError: Cast to ObjectId failed for value "undefined" (type string) at path "_id" for model "Address"	GET	/addresses/undefined	http://localhost:3000
20240424	12:46:48	7c1101bc-59ec-498c-bb31-32fbeac4030c	CastError: Cast to ObjectId failed for value "undefined" (type string) at path "_id" for model "Address"	GET	/addresses/undefined	http://localhost:3000
20240424	12:49:04	61579626-dd48-4bd6-a157-458184a04961	CastError: Cast to ObjectId failed for value "undefined" (type string) at path "_id" for model "Address"	GET	/addresses/undefined	http://localhost:3000
20240424	12:49:28	67b53d54-52a5-4d37-9fe4-89bc7d2957ae	CastError: Cast to ObjectId failed for value "undefined" (type string) at path "_id" for model "Address"	GET	/addresses/undefined	http://localhost:3000
20240424	12:49:53	293a6b16-bf2c-4b0f-94c5-34152810572e	CastError: Cast to ObjectId failed for value "undefined" (type string) at path "_id" for model "Address"	GET	/addresses/undefined	http://localhost:3000
20240424	12:49:58	f5e21dc3-bd93-400e-bd93-3a1f0e54d10f	CastError: Cast to ObjectId failed for value "undefined" (type string) at path "_id" for model "Address"	GET	/addresses/undefined	http://localhost:3000
20240424	12:50:26	c3835f47-8216-46dc-b8e6-7e4494fcf557	CastError: Cast to ObjectId failed for value "undefined" (type string) at path "_id" for model "Address"	GET	/addresses/undefined	http://localhost:3000
20240424	12:51:54	a14eded7-ba5d-4dbd-8db7-8b676a69f137	CastError: Cast to ObjectId failed for value "undefined" (type string) at path "_id" for model "Address"	GET	/addresses/undefined	http://localhost:3000
20240424	12:52:01	e70476d0-502f-427b-a436-7093826fc0c5	CastError: Cast to ObjectId failed for value "undefined" (type string) at path "_id" for model "Address"	GET	/addresses/undefined	http://localhost:3000
20240424	12:53:15	fab73082-35d3-489a-9a76-7e153a8198ac	CastError: Cast to ObjectId failed for value "undefined" (type string) at path "_id" for model "Address"	GET	/addresses/undefined	http://localhost:3000
20240424	12:54:45	d6d83658-12ff-4bb1-9852-463e9f3606c0	CastError: Cast to ObjectId failed for value "undefined" (type string) at path "_id" for model "Address"	GET	/addresses/undefined	http://localhost:3000
20240424	13:01:27	20d8d16a-92e1-45ed-8774-4932fd742a0f	ValidationError: User validation failed: dateOfBirth: Path `dateOfBirth` is required.	POST	/users	undefined
20240424	13:02:07	5f1a675c-1544-4da1-91fd-67ee7e6f61d8	ValidationError: User validation failed: dateOfBirth: Path `dateOfBirth` is required.	POST	/users	undefined
20240424	13:03:09	9aef9487-df32-40ce-8624-542a3ba391af	ValidationError: User validation failed: dateOfBirth: Path `dateOfBirth` is required., mobileNumber: Path `mobileNumber` is required.	POST	/users	undefined
20240424	13:04:49	3e6d9b49-42ca-4df3-b295-06b5009afbd9	ValidationError: User validation failed: dateOfBirth: Path `dateOfBirth` is required., mobileNumber: Path `mobileNumber` is required.	POST	/users	undefined
20240424	13:05:05	1a87381a-2a31-4270-871f-fa36e3bba41c	ValidationError: User validation failed: dateOfBirth: Path `dateOfBirth` is required., mobileNumber: Path `mobileNumber` is required.	POST	/users	undefined
20240424	13:06:39	ced6ab6b-3e4f-4c0f-87cb-fc03e6dd2a1f	ValidationError: User validation failed: dateOfBirth: Path `dateOfBirth` is required., mobileNumber: Path `mobileNumber` is required.	POST	/users	undefined
20240424	13:08:57	08d4eef8-170b-4dd5-bbc9-06fb839eac36	CastError: Cast to ObjectId failed for value "undefined" (type string) at path "_id" for model "Address"	GET	/addresses/undefined	http://localhost:3000
20240424	13:08:59	143657e0-9a56-4f60-a4d5-5cc2835626e6	CastError: Cast to ObjectId failed for value "undefined" (type string) at path "_id" for model "Address"	GET	/addresses/undefined	http://localhost:3000
20240424	13:32:20	0c96bf92-b77e-4838-bd37-1ecc7a04ffb5	ValidationError: User validation failed: firstname: Path `firstname` is required., lastname: Path `lastname` is required., dateOfBirth: Path `dateOfBirth` is required., mobileNumber: Path `mobileNumber` is required.	PATCH	/users	http://localhost:3000
20240424	13:32:33	c9e48210-62f3-4cd9-be13-34ff23fd5b2d	ValidationError: User validation failed: firstname: Path `firstname` is required., lastname: Path `lastname` is required., dateOfBirth: Path `dateOfBirth` is required., mobileNumber: Path `mobileNumber` is required.	PATCH	/users	http://localhost:3000
20240424	13:50:43	7f30fa2b-d4f5-412b-acd7-9ef108d80143	ValidationError: User validation failed: firstname: Path `firstname` is required., lastname: Path `lastname` is required., dateOfBirth: Path `dateOfBirth` is required., mobileNumber: Path `mobileNumber` is required.	PATCH	/users	http://localhost:3000
20240424	22:37:14	1f674dc9-f4ec-49fb-9a96-271de7a4a97b	ValidationError: User validation failed: firstname: Path `firstname` is required., lastname: Path `lastname` is required., dateOfBirth: Path `dateOfBirth` is required., mobileNumber: Path `mobileNumber` is required.	PATCH	/users	http://localhost:3000
20240503	11:02:33	b88ee461-0553-42fd-85ea-9405b7121cf8	MongoServerError: E11000 duplicate key error collection: test.taxcodes index: taxCode_1 dup key: { taxCode: "ABN" }	POST	/taxCodes	http://localhost:3000
20240503	11:04:36	bcc86485-8192-4fd7-a171-59de690cb8bb	MongoServerError: E11000 duplicate key error collection: test.taxcodes index: taxCode_1 dup key: { taxCode: "ABN" }	POST	/taxCodes	http://localhost:3000
20240503	11:06:36	8775b463-3336-4f14-8380-4ed240fda22c	MongoServerError: E11000 duplicate key error collection: test.taxcodes index: taxCode_1 dup key: { taxCode: "ABN" }	POST	/taxCodes	http://localhost:3000
20240503	11:13:53	f7c18337-d691-48ec-85f5-77d635c45053	MongoServerError: E11000 duplicate key error collection: test.taxcodes index: taxCode_1 dup key: { taxCode: "ABN" }	POST	/taxCodes	http://localhost:3000
20240503	12:05:51	eadfa7a3-bfe5-45f0-9b93-b2561799cd8d	ValidationError: TaxCode validation failed: rate: Cast to Number failed for value "fd" (type string) at path "rate"	POST	/taxCodes	http://localhost:3000
20240506	12:10:57	891ae69c-53ec-4436-8703-961e8b7fbd5c	MongoServerError: E11000 duplicate key error collection: test.accounts index: accountCode_1 dup key: { accountCode: "s" }	POST	/accounts	http://localhost:3000
20240506	12:31:58	9e30ae82-569b-4832-8126-845f887a37ad	MongoServerError: E11000 duplicate key error collection: test.accounts index: accountCode_1 dup key: { accountCode: "s" }	POST	/accounts	http://localhost:3000
20240506	12:32:07	36598963-a48f-4e68-bd3c-fb8abca244df	MongoServerError: E11000 duplicate key error collection: test.accounts index: accountName_1 dup key: { accountName: "Pulkit Mehta" }	POST	/accounts	http://localhost:3000
20240506	12:33:10	35f4b021-3e41-4e5a-878c-3ebe45ec93cb	ValidationError: Account validation failed: classification: Path `classification` is required.	POST	/accounts	http://localhost:3000
20240506	12:37:37	f22c0802-ee15-4e96-bb94-ea87f142ae18	ValidationError: Account validation failed: classification: Path `classification` is required.	POST	/accounts	http://localhost:3000
20240506	12:56:26	7fc9df93-a50f-4aa6-b652-00aedb166556	ValidationError: Account validation failed: classification: Path `classification` is required.	POST	/accounts	http://localhost:3000
20240506	21:03:36	28b992f8-ff7f-457d-aadb-9bbe9240228e	MongoServerError: E11000 duplicate key error collection: test.accounts index: accountCode_1 dup key: { accountCode: "5007" }	POST	/accounts	http://localhost:3000
20240509	13:45:36	e505c11c-92d8-49a8-9133-47eadfc05ed3	ReferenceError: Account is not defined	POST	/taxCodes/check	http://localhost:3000
