20240411	16:12:31	4f06643a-c66d-424e-b521-c07b08b41948	OPTIONS	/auth	http://localhost:3000
20240411	16:12:31	8beb8235-5b24-4e14-9ff8-edcbfc9b110a	POST	/auth	http://localhost:3000
20240411	16:14:22	f458de3c-21a0-4936-b67f-51f6122e00be	OPTIONS	/addresses	http://localhost:3000
20240411	16:14:22	4445c5e3-ffce-4903-afc1-4a5e3a436661	GET	/addresses	http://localhost:3000
20240412	15:23:49	036bfe46-45b3-4575-b53a-84a64707dd1f	GET	/auth/refresh	http://localhost:3000
20240412	15:24:43	802f0790-1c0e-45a8-8fbd-ab257a41f8c7	OPTIONS	/addresses	http://localhost:3000
20240412	15:24:43	61c61d09-ae69-42c2-badd-eb4efbc34c32	GET	/addresses	http://localhost:3000
20240412	15:33:22	5f78bd0c-b3a9-418e-9548-d90f9247ec1f	GET	/auth/refresh	http://localhost:3000
20240412	15:43:41	e9e565b9-e546-4031-b05f-db0a60ad20b8	GET	/auth/refresh	http://localhost:3000
20240412	15:44:32	4188b36a-dfcb-4e74-85e6-18606333d521	OPTIONS	/addresses	http://localhost:3000
20240412	15:44:32	9d646cb7-af27-47e9-a356-11dac8a494da	GET	/addresses	http://localhost:3000
20240412	16:41:18	828cc87d-c768-49d9-a73a-a1c458193d9c	GET	/auth/refresh	http://localhost:3000
20240412	16:41:18	ba492077-992e-49f3-8bdf-162a76f7aca2	GET	/auth/refresh	http://localhost:3000
20240412	16:41:24	d47d6cc0-cb7d-4ded-8ccf-bf891741b4c8	GET	/auth/refresh	http://localhost:3000
20240412	16:41:24	d9f98005-76fe-4b3e-8cbc-fb17d9c16259	GET	/auth/refresh	http://localhost:3000
20240412	16:41:42	8cccf3cc-82cc-4060-a25d-a5e5bb56fe26	OPTIONS	/auth	http://localhost:3000
20240412	16:41:42	3c0ecbb5-16ea-4cd5-80d6-d9dfd845c74a	POST	/auth	http://localhost:3000
20240412	16:41:45	3e0b93b0-31ef-4e26-891c-08a2de08bd87	OPTIONS	/addresses	http://localhost:3000
20240412	16:41:45	31cb7ca0-3bcb-49bf-ade1-ef4bf2af470d	GET	/addresses	http://localhost:3000
20240412	16:50:09	a7a47467-59d3-4081-a58c-186a1631b117	GET	/auth/refresh	http://localhost:3000
20240412	16:52:16	c5c2edd7-a07e-445d-bd8a-d970ba9f4da3	GET	/auth/refresh	http://localhost:3000
20240412	17:06:26	1ef40f4b-2e70-491b-881e-83ff06176806	OPTIONS	/addresses	http://localhost:3000
20240412	17:06:26	64a656e9-dde7-4588-8cdc-fc6ded40049b	GET	/addresses	http://localhost:3000
20240412	17:06:36	4f259609-2177-430f-a51a-23f6a318a537	GET	/auth/refresh	http://localhost:3000
20240412	17:06:36	74ab3dd7-a086-465e-8f44-8b8a968ab4c7	OPTIONS	/addresses	http://localhost:3000
20240412	17:06:36	45e9663a-93bf-4a66-9a3d-94d9e64e81a0	GET	/addresses	http://localhost:3000
20240412	17:07:26	db225360-52de-4913-b783-725238a318e5	GET	/auth/refresh	http://localhost:3000
20240412	17:07:26	b5c0d106-59a9-4598-bdf9-3bdf90dd505d	OPTIONS	/addresses	http://localhost:3000
20240412	17:07:26	c928cb04-a606-4012-aafa-868aed7bd1d6	GET	/addresses	http://localhost:3000
20240412	17:27:11	ff633b7b-8aec-4bc2-b5a8-a61cced7815f	OPTIONS	/auth	http://localhost:3000
20240412	17:27:11	c96c3834-4125-4c0f-bcb6-28e5d74ad27f	POST	/auth	http://localhost:3000
20240412	17:27:13	1b9e0b6d-92f2-4694-bd01-dcae3b50a0b8	OPTIONS	/addresses	http://localhost:3000
20240412	17:27:13	44dca651-9f77-4840-b659-dc5c069b7d15	GET	/addresses	http://localhost:3000
20240412	17:27:29	c25464d6-c9db-48bf-82d0-cf4aaea9d705	OPTIONS	/users/upload	http://localhost:3000
20240412	17:27:29	8139ac71-521f-4d1b-a216-ce1b1f5efe69	POST	/users/upload	http://localhost:3000
20240412	17:27:29	f84c5a4a-72f0-4d41-a06d-fd2d091e06c3	OPTIONS	/auth/refresh	http://localhost:3000
20240412	17:27:29	6bf3f4bb-ec25-404e-b12e-ddf05e0d1eca	GET	/auth/refresh	http://localhost:3000
20240412	17:27:29	13f90f68-dd6c-4ae9-a286-0c3f4ad736f4	GET	/users/profilePicture/1712906849563.jpeg	undefined
